Start testing: Dec 03 14:11 EST
----------------------------------------------------------
Unable to find executable: /Users/mickelsamuel/dpdk-itch5-feedhandler/build/test_ring_buffer
1/3 Testing: RingBufferTest
1/3 Test: RingBufferTest
Command: ""
Directory: /Users/mickelsamuel/Projects/dpdk-itch5-feedhandler/build
"RingBufferTest" start time: 
Output:
----------------------------------------------------------
<end of output>
Test time =   0.00 sec
----------------------------------------------------------
Test Passed.
"RingBufferTest" end time: Dec 03 14:11 EST
"RingBufferTest" time elapsed: 00:00:00
----------------------------------------------------------

Unable to find executable: /Users/mickelsamuel/dpdk-itch5-feedhandler/build/test_parser
2/3 Testing: ParserTest
2/3 Test: ParserTest
Command: ""
Directory: /Users/mickelsamuel/Projects/dpdk-itch5-feedhandler/build
"ParserTest" start time: 
Output:
----------------------------------------------------------
<end of output>
Test time =   0.00 sec
----------------------------------------------------------
Test Passed.
"ParserTest" end time: Dec 03 14:11 EST
"ParserTest" time elapsed: 00:00:00
----------------------------------------------------------

Unable to find executable: /Users/mickelsamuel/dpdk-itch5-feedhandler/build/test_moldudp64
3/3 Testing: MoldUDP64Test
3/3 Test: MoldUDP64Test
Command: ""
Directory: /Users/mickelsamuel/Projects/dpdk-itch5-feedhandler/build
"MoldUDP64Test" start time: 
Output:
----------------------------------------------------------
<end of output>
Test time =   0.00 sec
----------------------------------------------------------
Test Passed.
"MoldUDP64Test" end time: Dec 03 14:11 EST
"MoldUDP64Test" time elapsed: 00:00:00
----------------------------------------------------------

End testing: Dec 03 14:11 EST
